<?xml version="1.0" encoding="UTF-8"?>
<!-- Generated by org.testng.reporters.JUnitXMLReporter -->
<testsuite hostname="Galinas-MacBook-Air.local" ignored="0" name="Default test" tests="16" failures="0" timestamp="21 Feb 2017 08:29:13 GMT" time="40.752" errors="0">
  <testcase name="test_01_verify_content_quotes" time="2.2" classname="core.SignUpTest"/>
  <testcase name="test_02_verify_content_current_city" time="0.539" classname="core.SignUpTest"/>
  <testcase name="test_03_verify_content_weather" time="0.467" classname="core.SignUpTest"/>
  <testcase name="test_04_verify_content_date" time="0.421" classname="core.SignUpTest"/>
  <testcase name="test_05_verify_content_os" time="0.383" classname="core.SignUpTest"/>
  <testcase name="test_06_verify_content_browser" time="0.384" classname="core.SignUpTest"/>
  <testcase name="test_07_verify_link_facebook" time="3.512" classname="core.SignUpTest"/>
  <testcase name="test_08_verify_link_twitter" time="6.012" classname="core.SignUpTest"/>
  <testcase name="test_09_verify_link_flickr" time="4.327" classname="core.SignUpTest"/>
  <testcase name="test_10_verify_link_youtube" time="5.007" classname="core.SignUpTest"/>
  <testcase name="test_11_verify_submit_form" time="3.694" classname="core.SignUpTest"/>
  <testcase name="test_12_verify_error_handling_first_name" time="0.543" classname="core.SignUpTest"/>
  <testcase name="test_13_verify_error_handling_last_name" time="0.633" classname="core.SignUpTest"/>
  <testcase name="test_14_verify_error_handling_email" time="1.619" classname="core.SignUpTest"/>
  <testcase name="test_15_verify_error_handling_phone" time="1.239" classname="core.SignUpTest"/>
  <testcase name="test_16_verify_confirmation_page" time="2.001" classname="core.SignUpTest"/>
</testsuite> <!-- Default test -->
