<?xml version="1.0" encoding="UTF-8"?>
<testng-results skipped="0" failed="0" ignored="0" total="7" passed="7">
  <reporter-output>
  </reporter-output>
  <suite name="Default suite" duration-ms="52050" started-at="2017-04-04T11:11:42Z" finished-at="2017-04-04T11:12:34Z">
    <groups>
    </groups>
    <test name="Default test" duration-ms="52050" started-at="2017-04-04T11:11:42Z" finished-at="2017-04-04T11:12:34Z">
      <class name="core.LouandgreyPageTest">
        <test-method status="PASS" signature="setupWebDriver()[pri:0, instance:core.LouandgreyPageTest@1e397ed7]" name="setupWebDriver" is-config="true" duration-ms="6062" started-at="2017-04-04T04:11:42Z" finished-at="2017-04-04T04:11:48Z">
          <reporter-output>
          </reporter-output>
        </test-method> <!-- setupWebDriver -->
        <test-method status="PASS" signature="test_01_verify_retail_logo()[pri:0, instance:core.LouandgreyPageTest@1e397ed7]" name="test_01_verify_retail_logo" duration-ms="7241" started-at="2017-04-04T04:11:48Z" finished-at="2017-04-04T04:11:56Z">
          <reporter-output>
          </reporter-output>
        </test-method> <!-- test_01_verify_retail_logo -->
        <test-method status="PASS" signature="test_02_verify_phone_is_updated()[pri:0, instance:core.LouandgreyPageTest@1e397ed7]" name="test_02_verify_phone_is_updated" duration-ms="7678" started-at="2017-04-04T04:11:56Z" finished-at="2017-04-04T04:12:03Z">
          <reporter-output>
          </reporter-output>
        </test-method> <!-- test_02_verify_phone_is_updated -->
        <test-method status="PASS" signature="test_03_verify_error_handling_ivalid_phone()[pri:0, instance:core.LouandgreyPageTest@1e397ed7]" name="test_03_verify_error_handling_ivalid_phone" duration-ms="4356" started-at="2017-04-04T04:12:03Z" finished-at="2017-04-04T04:12:08Z">
          <reporter-output>
          </reporter-output>
        </test-method> <!-- test_03_verify_error_handling_ivalid_phone -->
        <test-method status="PASS" signature="test_04_verify_partner_link()[pri:0, instance:core.LouandgreyPageTest@1e397ed7]" name="test_04_verify_partner_link" duration-ms="12208" started-at="2017-04-04T04:12:08Z" finished-at="2017-04-04T04:12:20Z">
          <reporter-output>
          </reporter-output>
        </test-method> <!-- test_04_verify_partner_link -->
        <test-method status="PASS" signature="test_05_verify_shipping_link()[pri:0, instance:core.LouandgreyPageTest@1e397ed7]" name="test_05_verify_shipping_link" duration-ms="8057" started-at="2017-04-04T04:12:20Z" finished-at="2017-04-04T04:12:28Z">
          <reporter-output>
          </reporter-output>
        </test-method> <!-- test_05_verify_shipping_link -->
        <test-method status="PASS" signature="test_06_verify_shipping_status()[pri:0, instance:core.LouandgreyPageTest@1e397ed7]" name="test_06_verify_shipping_status" duration-ms="3203" started-at="2017-04-04T04:12:28Z" finished-at="2017-04-04T04:12:31Z">
          <reporter-output>
          </reporter-output>
        </test-method> <!-- test_06_verify_shipping_status -->
        <test-method status="PASS" signature="test_07_verify_number_of_tracking_records()[pri:0, instance:core.LouandgreyPageTest@1e397ed7]" name="test_07_verify_number_of_tracking_records" duration-ms="2872" started-at="2017-04-04T04:12:31Z" finished-at="2017-04-04T04:12:34Z">
          <reporter-output>
          </reporter-output>
        </test-method> <!-- test_07_verify_number_of_tracking_records -->
        <test-method status="PASS" signature="tearDown()[pri:0, instance:core.LouandgreyPageTest@1e397ed7]" name="tearDown" is-config="true" duration-ms="295" started-at="2017-04-04T04:12:34Z" finished-at="2017-04-04T04:12:34Z">
          <reporter-output>
          </reporter-output>
        </test-method> <!-- tearDown -->
        <test-method status="PASS" signature="suiteTearDown()[pri:0, instance:core.LouandgreyPageTest@1e397ed7]" name="suiteTearDown" is-config="true" duration-ms="1" started-at="2017-04-04T04:12:34Z" depends-on-methods="core.LouandgreyPageTest.tearDown" finished-at="2017-04-04T04:12:34Z">
          <reporter-output>
          </reporter-output>
        </test-method> <!-- suiteTearDown -->
      </class> <!-- core.LouandgreyPageTest -->
    </test> <!-- Default test -->
  </suite> <!-- Default suite -->
</testng-results>
